2025-03-04 23:10:16,815 - INFO - File uploaded: 01e5b5f8b50630943e4928420d66d771.jpg
2025-03-04 23:12:33,956 - INFO - File uploaded: 0AWEIGnfBkc.jpg
2025-03-04 23:18:43,565 - INFO - File uploaded: 7cb102d1-64da-4fcd-97c4-0fbad8f59035.jpg
2025-03-04 23:57:06,484 - INFO - Upload success: 1e7e2851-88cd-47c5-a94d-36042fad1b51.jpg
2025-03-05 00:05:31,921 - ERROR - Invalid file: cannot identify image file 'images/d52e0192-1989-464b-955f-371407b04e8e.jpg'
2025-03-05 00:05:32,006 - ERROR - Invalid file: cannot identify image file 'images/b6fbf721-474b-4ced-975b-437e8175ae77.jpg'
2025-03-05 00:08:46,849 - ERROR - Invalid file: cannot identify image file 'images/08582edf-85e4-45c2-a904-b92a91e9a2b0.jpg'
2025-03-05 00:08:46,865 - ERROR - Invalid file: cannot identify image file 'images/854db860-2a07-45ce-9765-1ab9cc9233b7.jpg'
2025-03-05 00:08:47,182 - ERROR - Invalid file: cannot identify image file 'images/2433f156-757d-43af-9b44-b8fc7ab2259e.jpg'
2025-03-05 00:09:15,883 - ERROR - Invalid file: cannot identify image file 'images/6ba5373a-2bd7-4158-a492-3af6ccd76fbb.jpg'
2025-03-05 00:09:16,174 - ERROR - Invalid file: cannot identify image file 'images/bf983db5-25dc-486e-ae5f-457214537635.jpg'
2025-03-05 00:09:43,380 - ERROR - Invalid file: cannot identify image file 'images/36f13f0e-83ce-4312-bfe3-d5f61aa90135.jpg'
[ 2025-03-08 00:48:44] | INFO | Serving at http://0.0.0.0:8000
[ 2025-03-08 00:49:53] | INFO | Server stopped
[ 2025-03-08 00:50:55] | INFO | Serving at http://0.0.0.0:8000
[ 2025-03-08 00:51:01] | WARNING | GET 404 /
[ 2025-03-08 00:51:03] | WARNING | GET 404 /
[ 2025-03-08 00:51:03] | WARNING | GET 404 /
[ 2025-03-08 00:51:03] | WARNING | GET 404 /
[ 2025-03-08 00:51:08] | WARNING | GET 404 /
[ 2025-03-08 00:51:08] | WARNING | GET 404 /
[ 2025-03-08 00:52:22] | WARNING | GET 404 /
[ 2025-03-08 00:52:24] | WARNING | GET 404 /
[ 2025-03-08 00:52:29] | WARNING | GET 404 /
[ 2025-03-08 00:52:29] | WARNING | GET 404 /
[ 2025-03-08 00:52:29] | WARNING | GET 404 /
[ 2025-03-08 00:52:51] | WARNING | GET 404 /
[ 2025-03-08 00:52:51] | WARNING | GET 404 /
[ 2025-03-08 00:52:56] | WARNING | GET 404 /
[ 2025-03-08 00:53:01] | WARNING | GET 404 /
[ 2025-03-08 00:53:01] | WARNING | GET 404 /
[ 2025-03-08 00:53:02] | WARNING | GET 404 /
[ 2025-03-08 00:53:23] | WARNING | GET 404 /
[ 2025-03-08 00:53:23] | WARNING | GET 404 /
[ 2025-03-08 00:53:25] | WARNING | GET 404 /
[ 2025-03-08 00:53:30] | WARNING | GET 404 /
[ 2025-03-08 00:53:30] | WARNING | GET 404 /
[ 2025-03-08 00:53:30] | WARNING | GET 404 /
[ 2025-03-08 00:54:00] | WARNING | GET 404 /
[ 2025-03-08 00:54:00] | WARNING | GET 404 /
[ 2025-03-08 00:54:29] | INFO | Server stopped
[ 2025-03-08 00:59:13] | INFO | Serving at http://0.0.0.0:8000
[ 2025-03-08 00:59:25] | WARNING | GET 404 /
[ 2025-03-08 00:59:26] | WARNING | GET 404 /
[ 2025-03-08 00:59:26] | WARNING | GET 404 /
[ 2025-03-08 00:59:27] | WARNING | GET 404 /
[ 2025-03-08 00:59:32] | WARNING | GET 404 /
[ 2025-03-08 00:59:32] | WARNING | GET 404 /
[ 2025-03-07 19:07:19] | INFO | Serving at http://0.0.0.0:8000
[ 2025-03-07 19:08:44] | WARNING | GET 404 /
[ 2025-03-07 19:08:44] | WARNING | GET 404 /
[ 2025-03-07 19:08:45] | WARNING | GET 404 /
[ 2025-03-07 19:08:45] | WARNING | GET 404 /
[ 2025-03-07 19:08:45] | WARNING | GET 404 /
[ 2025-03-07 19:08:50] | WARNING | GET 404 /
[ 2025-03-07 19:08:50] | WARNING | GET 404 /
[ 2025-03-07 19:08:50] | WARNING | GET 404 /
[ 2025-03-07 19:10:44] | WARNING | GET 404 /
[ 2025-03-07 19:10:44] | WARNING | GET 404 /
[ 2025-03-07 19:28:03] | INFO | Serving at http://0.0.0.0:8000
[ 2025-03-07 19:28:33] | INFO | Serving at http://0.0.0.0:8000
[ 2025-03-07 19:28:54] | WARNING | GET 404 /
[ 2025-03-07 19:28:54] | WARNING | GET 404 /
[ 2025-03-07 19:28:54] | WARNING | GET 404 /
[ 2025-03-07 19:28:55] | WARNING | GET 404 /
[ 2025-03-07 19:28:55] | WARNING | GET 404 /
[ 2025-03-07 19:28:55] | WARNING | GET 404 /
[ 2025-03-07 19:37:06] | INFO | Serving at http://0.0.0.0:8000
[ 2025-03-07 19:37:47] | WARNING | GET 404 /
[ 2025-03-07 19:37:47] | WARNING | GET 404 /
[ 2025-03-07 19:37:47] | WARNING | GET 404 /
[ 2025-03-07 19:37:47] | WARNING | GET 404 /
[ 2025-03-07 19:37:50] | WARNING | GET 404 /
[ 2025-03-07 19:37:50] | WARNING | GET 404 /
[ 2025-03-07 19:37:50] | WARNING | GET 404 /
[ 2025-03-07 19:41:28] | INFO | Serving at http://0.0.0.0:8000
[ 2025-03-07 19:41:54] | INFO | GET /upload
[ 2025-03-07 19:41:59] | WARNING | GET 404 /
[ 2025-03-07 19:41:59] | WARNING | GET 404 /
[ 2025-03-07 19:42:00] | WARNING | GET 404 /
[ 2025-03-07 19:42:00] | WARNING | GET 404 /
[ 2025-03-07 19:42:00] | WARNING | GET 404 /
[ 2025-03-07 19:42:01] | WARNING | GET 404 /
[ 2025-03-07 19:42:01] | WARNING | GET 404 /
[ 2025-03-07 19:42:01] | WARNING | GET 404 /
[ 2025-03-07 19:42:02] | WARNING | GET 404 /
[ 2025-03-07 19:42:02] | WARNING | GET 404 /
[ 2025-03-07 19:42:02] | WARNING | GET 404 /
[ 2025-03-07 19:42:03] | WARNING | GET 404 /
[ 2025-03-07 19:42:03] | WARNING | GET 404 /
[ 2025-03-07 19:42:03] | WARNING | GET 404 /
[ 2025-03-07 19:42:06] | WARNING | GET 404 /
[ 2025-03-07 19:42:06] | WARNING | GET 404 /
[ 2025-03-07 19:42:06] | WARNING | GET 404 /
[ 2025-03-07 19:42:11] | WARNING | GET 404 /
[ 2025-03-07 19:42:11] | WARNING | GET 404 /
[ 2025-03-07 19:42:11] | WARNING | GET 404 /
[ 2025-03-07 19:43:21] | INFO | Serving at http://0.0.0.0:8000
[ 2025-03-07 19:43:41] | WARNING | GET 404 /
[ 2025-03-07 19:43:41] | WARNING | GET 404 /
[ 2025-03-07 19:43:41] | WARNING | GET 404 /
[ 2025-03-07 19:43:41] | WARNING | GET 404 /
[ 2025-03-07 19:44:11] | WARNING | GET 404 /
[ 2025-03-07 19:44:11] | WARNING | GET 404 /
[ 2025-03-07 19:44:11] | WARNING | GET 404 /
[ 2025-03-07 19:44:13] | WARNING | GET 404 /index
[ 2025-03-07 19:44:13] | WARNING | GET 404 /index
[ 2025-03-07 19:44:13] | WARNING | GET 404 /index
[ 2025-03-07 19:44:14] | WARNING | GET 404 /index
[ 2025-03-07 19:44:14] | WARNING | GET 404 /index
[ 2025-03-07 19:44:14] | WARNING | GET 404 /index
[ 2025-03-07 19:44:40] | WARNING | GET 404 /index
[ 2025-03-07 19:44:40] | WARNING | GET 404 /index
[ 2025-03-07 19:44:40] | WARNING | GET 404 /index
[ 2025-03-07 19:44:40] | WARNING | GET 404 /index
[ 2025-03-07 19:46:49] | INFO | Serving at http://0.0.0.0:8000
[ 2025-03-07 19:47:06] | WARNING | GET 404 /
[ 2025-03-07 19:47:06] | WARNING | GET 404 /
[ 2025-03-07 19:47:06] | WARNING | GET 404 /
[ 2025-03-07 19:47:07] | WARNING | GET 404 /
[ 2025-03-07 19:47:07] | WARNING | GET 404 /
[ 2025-03-07 19:47:07] | WARNING | GET 404 /
[ 2025-03-07 19:48:17] | WARNING | GET 404 /
[ 2025-03-07 19:48:17] | WARNING | GET 404 /
[ 2025-03-07 19:56:22] | INFO | Serving at http://0.0.0.0:8000
[ 2025-03-07 19:58:09] | INFO | Serving at http://0.0.0.0:8000
[ 2025-03-07 19:58:31] | WARNING | GET 404 /
[ 2025-03-07 19:58:32] | WARNING | GET 404 /
[ 2025-03-07 19:58:32] | WARNING | GET 404 /
[ 2025-03-07 19:58:32] | WARNING | GET 404 /
[ 2025-03-07 19:58:33] | WARNING | GET 404 /
[ 2025-03-07 19:58:33] | WARNING | GET 404 /
[ 2025-03-07 19:58:33] | WARNING | GET 404 /
[ 2025-03-07 19:58:34] | WARNING | GET 404 /
[ 2025-03-07 19:58:34] | WARNING | GET 404 /
[ 2025-03-07 19:58:34] | WARNING | GET 404 /
[ 2025-03-07 19:58:39] | WARNING | GET 404 /
[ 2025-03-07 19:58:39] | WARNING | GET 404 /
[ 2025-03-07 19:58:39] | WARNING | GET 404 /
[ 2025-03-07 19:59:22] | INFO | Serving at http://0.0.0.0:8000
